Vivado Simulator 2017.4
Copyright 1986-1999, 2001-2016 Xilinx, Inc. All Rights Reserved.
Running: C:/Xilinx/Vivado/2017.4/bin/unwrapped/win64.o/xelab.exe -wto fb937f465a594e99acdca6c2d32fda9b --incr --debug typical --relax --mt 2 -L xil_defaultlib -L unisims_ver -L unimacro_ver -L secureip --snapshot single_cycle_processor_top_tb_behav xil_defaultlib.single_cycle_processor_top_tb xil_defaultlib.glbl -log elaborate.log 
Using 2 slave threads.
Starting static elaboration
WARNING: [VRFC 10-278] actual bit length 8 differs from formal bit length 7 for port funct7 [D:/SHARED/processor_28_03_20_43.xpr/project_backup2_newbranch_load_save_done/project_backup2_newbranch_load_save_done.srcs/sources_1/imports/processor/single_cycle_processor_top.v:98]
Completed static elaboration
Starting simulation data flow analysis
Completed simulation data flow analysis
Time Resolution for simulation is 1ps
Compiling module xil_defaultlib.program_counter
Compiling module xil_defaultlib.pc_adder
Compiling module xil_defaultlib.intr_mem
Compiling module xil_defaultlib.register_file
Compiling module xil_defaultlib.sign_extend
Compiling module xil_defaultlib.alu
Compiling module xil_defaultlib.alu_src_mux
Compiling module xil_defaultlib.result_src_mux
Compiling module xil_defaultlib.main_decoder
Compiling module xil_defaultlib.alu_decoder
Compiling module xil_defaultlib.control_unit_top
Compiling module xil_defaultlib.data_memory
Compiling module xil_defaultlib.single_cycle_processor_top
Compiling module xil_defaultlib.single_cycle_processor_top_tb
Compiling module xil_defaultlib.glbl
Built simulation snapshot single_cycle_processor_top_tb_behav
